{"C:\\Utvikling\\sjekklista\\backend\\sjekklista-backend\\src\\app.ts": {"path":"C:\\Utvikling\\sjekklista\\backend\\sjekklista-backend\\src\\app.ts","statementMap":{"0":{"start":{"line":1,"column":0},"end":{"line":1,"column":28}},"1":{"start":{"line":2,"column":0},"end":{"line":2,"column":47}},"2":{"start":{"line":3,"column":0},"end":{"line":3,"column":73}},"3":{"start":{"line":5,"column":0},"end":{"line":5,"column":30}},"4":{"start":{"line":6,"column":0},"end":{"line":6,"column":24}},"5":{"start":{"line":7,"column":0},"end":{"line":7,"column":41}},"6":{"start":{"line":8,"column":0},"end":{"line":8,"column":81}},"7":{"start":{"line":10,"column":22},"end":{"line":10,"column":31}},"8":{"start":{"line":12,"column":0},"end":{"line":12,"column":61}},"9":{"start":{"line":13,"column":0},"end":{"line":13,"column":34}},"10":{"start":{"line":14,"column":0},"end":{"line":14,"column":34}},"11":{"start":{"line":16,"column":0},"end":{"line":16,"column":43}},"12":{"start":{"line":18,"column":0},"end":{"line":18,"column":63}},"13":{"start":{"line":18,"column":41},"end":{"line":18,"column":61}},"14":{"start":{"line":20,"column":0},"end":{"line":20,"column":29}}},"fnMap":{"0":{"name":"(anonymous_1)","decl":{"start":{"line":18,"column":29},"end":{"line":18,"column":30}},"loc":{"start":{"line":18,"column":41},"end":{"line":18,"column":61}}}},"branchMap":{"0":{"loc":{"start":{"line":3,"column":30},"end":{"line":3,"column":67}},"type":"binary-expr","locations":[{"start":{"line":3,"column":30},"end":{"line":3,"column":50}},{"start":{"line":3,"column":54},"end":{"line":3,"column":67}}]}},"s":{"0":1,"1":1,"2":1,"3":1,"4":1,"5":1,"6":1,"7":1,"8":1,"9":1,"10":1,"11":1,"12":1,"13":0,"14":1},"f":{"0":0},"b":{"0":[1,0]}}
,"C:\\Utvikling\\sjekklista\\backend\\sjekklista-backend\\src\\features\\checklist-registration\\checklist-routes.ts": {"path":"C:\\Utvikling\\sjekklista\\backend\\sjekklista-backend\\src\\features\\checklist-registration\\checklist-routes.ts","statementMap":{"0":{"start":{"line":1,"column":0},"end":{"line":1,"column":33}},"1":{"start":{"line":2,"column":0},"end":{"line":2,"column":81}},"2":{"start":{"line":3,"column":0},"end":{"line":3,"column":46}},"3":{"start":{"line":5,"column":15},"end":{"line":5,"column":23}},"4":{"start":{"line":7,"column":0},"end":{"line":23,"column":3}},"5":{"start":{"line":8,"column":2},"end":{"line":22,"column":3}},"6":{"start":{"line":9,"column":28},"end":{"line":11,"column":18}},"7":{"start":{"line":13,"column":4},"end":{"line":16,"column":5}},"8":{"start":{"line":14,"column":6},"end":{"line":14,"column":46}},"9":{"start":{"line":15,"column":6},"end":{"line":15,"column":60}},"10":{"start":{"line":18,"column":4},"end":{"line":18,"column":19}},"11":{"start":{"line":20,"column":4},"end":{"line":20,"column":44}},"12":{"start":{"line":21,"column":4},"end":{"line":21,"column":56}},"13":{"start":{"line":25,"column":0},"end":{"line":33,"column":3}},"14":{"start":{"line":26,"column":17},"end":{"line":26,"column":64}},"15":{"start":{"line":27,"column":2},"end":{"line":29,"column":3}},"16":{"start":{"line":28,"column":4},"end":{"line":28,"column":66}},"17":{"start":{"line":31,"column":2},"end":{"line":31,"column":51}},"18":{"start":{"line":32,"column":2},"end":{"line":32,"column":24}},"19":{"start":{"line":35,"column":0},"end":{"line":35,"column":22}}},"fnMap":{"0":{"name":"(anonymous_0)","decl":{"start":{"line":7,"column":38},"end":{"line":7,"column":43}},"loc":{"start":{"line":7,"column":57},"end":{"line":23,"column":1}}},"1":{"name":"(anonymous_1)","decl":{"start":{"line":25,"column":39},"end":{"line":25,"column":40}},"loc":{"start":{"line":25,"column":52},"end":{"line":33,"column":1}}}},"branchMap":{"0":{"loc":{"start":{"line":13,"column":4},"end":{"line":16,"column":5}},"type":"if","locations":[{"start":{"line":13,"column":4},"end":{"line":16,"column":5}},{"start":{},"end":{}}]},"1":{"loc":{"start":{"line":27,"column":2},"end":{"line":29,"column":3}},"type":"if","locations":[{"start":{"line":27,"column":2},"end":{"line":29,"column":3}},{"start":{},"end":{}}]}},"s":{"0":1,"1":1,"2":1,"3":1,"4":1,"5":1,"6":1,"7":1,"8":1,"9":1,"10":0,"11":0,"12":0,"13":1,"14":0,"15":0,"16":0,"17":0,"18":0,"19":1},"f":{"0":1,"1":0},"b":{"0":[1,0],"1":[0,0]}}
,"C:\\Utvikling\\sjekklista\\backend\\sjekklista-backend\\src\\features\\checklist-registration\\contracts\\checklist-registration.ts": {"path":"C:\\Utvikling\\sjekklista\\backend\\sjekklista-backend\\src\\features\\checklist-registration\\contracts\\checklist-registration.ts","statementMap":{"0":{"start":{"line":1,"column":0},"end":{"line":1,"column":24}},"1":{"start":{"line":3,"column":13},"end":{"line":10,"column":3}},"2":{"start":{"line":12,"column":13},"end":{"line":24,"column":3}}},"fnMap":{},"branchMap":{},"s":{"0":1,"1":1,"2":1},"f":{},"b":{}}
,"C:\\Utvikling\\sjekklista\\backend\\sjekklista-backend\\src\\lib\\supabase.ts": {"path":"C:\\Utvikling\\sjekklista\\backend\\sjekklista-backend\\src\\lib\\supabase.ts","statementMap":{"0":{"start":{"line":1,"column":0},"end":{"line":1,"column":53}},"1":{"start":{"line":3,"column":20},"end":{"line":3,"column":45}},"2":{"start":{"line":4,"column":20},"end":{"line":4,"column":58}},"3":{"start":{"line":6,"column":13},"end":{"line":6,"column":63}}},"fnMap":{},"branchMap":{},"s":{"0":1,"1":1,"2":1,"3":1},"f":{},"b":{}}
}
